<?xml version="1.0" encoding="utf-8"?><testsuites name="pytest tests"><testsuite name="pytest" errors="0" failures="0" skipped="0" tests="13" time="17.577" timestamp="2026-04-28T13:43:41.956297+00:00" hostname="agent-env-4a1fb925-cfba-4fee-9b37-8b0922841fef"><testcase classname="backend.tests.test_admin_cancellation.TestAdminAuth" name="test_admin_login_success" time="0.430" /><testcase classname="backend.tests.test_admin_cancellation.TestAdminAuth" name="test_admin_login_invalid_credentials" time="0.170" /><testcase classname="backend.tests.test_admin_cancellation.TestAdminAuth" name="test_admin_me_endpoint" time="0.522" /><testcase classname="backend.tests.test_admin_cancellation.TestAdminBookings" name="test_get_admin_bookings" time="0.501" /><testcase classname="backend.tests.test_admin_cancellation.TestAdminBookings" name="test_get_admin_stats" time="0.500" /><testcase classname="backend.tests.test_admin_cancellation.TestBookingCancellation" name="test_cancel_booking_api_exists" time="0.479" /><testcase classname="backend.tests.test_admin_cancellation.TestBookingCancellation" name="test_cancel_booking_requires_auth" time="0.143" /><testcase classname="backend.tests.test_admin_cancellation.TestBookingCancellation" name="test_cancel_booking_success" time="2.865" /><testcase classname="backend.tests.test_admin_cancellation.TestBookingCancellation" name="test_booking_status_after_cancel" time="2.913" /><testcase classname="backend.tests.test_admin_cancellation.TestRefundPolicyCalculation" name="test_refund_100_percent_more_than_7_days" time="2.842" /><testcase classname="backend.tests.test_admin_cancellation.TestRefundPolicyCalculation" name="test_refund_50_percent_1_to_7_days" time="2.814" /><testcase classname="backend.tests.test_admin_cancellation.TestRefundPolicyCalculation" name="test_refund_0_percent_less_than_1_day" time="2.822" /><testcase classname="backend.tests.test_admin_cancellation.TestAdminHotels" name="test_get_admin_hotels" time="0.506" /></testsuite></testsuites>