<?xml version="1.0" encoding="utf-8"?><testsuites name="pytest tests"><testsuite name="pytest" errors="0" failures="0" skipped="0" tests="15" time="2.382" timestamp="2026-04-29T12:38:48.618510+00:00" hostname="agent-env-4a1fb925-cfba-4fee-9b37-8b0922841fef"><testcase classname="backend.tests.test_payment_reminders.TestPendingRemindersEndpoint" name="test_pending_reminders_requires_auth" time="0.144" /><testcase classname="backend.tests.test_payment_reminders.TestPendingRemindersEndpoint" name="test_pending_reminders_returns_list" time="0.450" /><testcase classname="backend.tests.test_payment_reminders.TestPendingRemindersEndpoint" name="test_pending_reminders_contains_deposit_paid_only" time="0.113" /><testcase classname="backend.tests.test_payment_reminders.TestPendingRemindersEndpoint" name="test_pending_reminders_contains_required_fields" time="0.104" /><testcase classname="backend.tests.test_payment_reminders.TestSendSingleReminderEndpoint" name="test_send_reminder_requires_auth" time="0.111" /><testcase classname="backend.tests.test_payment_reminders.TestSendSingleReminderEndpoint" name="test_send_reminder_invalid_booking" time="0.109" /><testcase classname="backend.tests.test_payment_reminders.TestSendSingleReminderEndpoint" name="test_send_reminder_endpoint_exists" time="0.106" /><testcase classname="backend.tests.test_payment_reminders.TestInvoiceDownloadEndpoint" name="test_invoice_download_invalid_booking" time="0.102" /><testcase classname="backend.tests.test_payment_reminders.TestInvoiceDownloadEndpoint" name="test_invoice_download_returns_pdf" time="0.215" /><testcase classname="backend.tests.test_payment_reminders.TestStripePaymentLinkGeneration" name="test_stripe_session_creation_endpoint_exists" time="0.146" /><testcase classname="backend.tests.test_payment_reminders.TestPayPalPaymentLinkGeneration" name="test_paypal_order_creation_endpoint_exists" time="0.141" /><testcase classname="backend.tests.test_payment_reminders.TestConfirmationPagePaymentTypeHandling" name="test_stripe_status_endpoint_with_remaining_payment" time="0.366" /><testcase classname="backend.tests.test_payment_reminders.TestAdminRemindersPageIntegration" name="test_admin_bookings_endpoint" time="0.113" /><testcase classname="backend.tests.test_payment_reminders.TestAdminRemindersPageIntegration" name="test_send_all_reminders_endpoint_exists" time="0.000" /><testcase classname="backend.tests.test_payment_reminders.TestPaymentReminderEmailContent" name="test_booking_has_required_fields_for_email" time="0.110" /></testsuite></testsuites>