<?xml version="1.0" encoding="utf-8"?><testsuites name="pytest tests"><testsuite name="pytest" errors="0" failures="0" skipped="0" tests="19" time="8.253" timestamp="2026-04-29T13:52:32.829476+00:00" hostname="agent-env-4a1fb925-cfba-4fee-9b37-8b0922841fef"><testcase classname="backend.tests.test_e2e_payment_flow.TestAPIHealth" name="test_api_root" time="0.234" /><testcase classname="backend.tests.test_e2e_payment_flow.TestAPIHealth" name="test_hotels_endpoint" time="0.160" /><testcase classname="backend.tests.test_e2e_payment_flow.TestAdminAuthentication" name="test_admin_login_success" time="0.358" /><testcase classname="backend.tests.test_e2e_payment_flow.TestAdminAuthentication" name="test_admin_login_invalid_credentials" time="0.132" /><testcase classname="backend.tests.test_e2e_payment_flow.TestBookingCreation" name="test_create_booking_success" time="0.250" /><testcase classname="backend.tests.test_e2e_payment_flow.TestBookingCreation" name="test_create_booking_invalid_hotel" time="0.162" /><testcase classname="backend.tests.test_e2e_payment_flow.TestBookingCreation" name="test_create_booking_invalid_dates" time="0.115" /><testcase classname="backend.tests.test_e2e_payment_flow.TestStripePaymentSession" name="test_create_stripe_deposit_session" time="0.825" /><testcase classname="backend.tests.test_e2e_payment_flow.TestStripePaymentSession" name="test_create_stripe_session_invalid_booking" time="0.134" /><testcase classname="backend.tests.test_e2e_payment_flow.TestStripePaymentSession" name="test_stripe_session_status_endpoint" time="0.837" /><testcase classname="backend.tests.test_e2e_payment_flow.TestPaymentReminder" name="test_send_reminder_requires_auth" time="0.116" /><testcase classname="backend.tests.test_e2e_payment_flow.TestPaymentReminder" name="test_send_reminder_invalid_booking" time="0.452" /><testcase classname="backend.tests.test_e2e_payment_flow.TestPaymentReminder" name="test_send_reminder_success" time="2.511" /><testcase classname="backend.tests.test_e2e_payment_flow.TestRemainingPaymentFlow" name="test_create_remaining_payment_link" time="0.620" /><testcase classname="backend.tests.test_e2e_payment_flow.TestInvoiceDownload" name="test_invoice_download_invalid_booking" time="0.124" /><testcase classname="backend.tests.test_e2e_payment_flow.TestInvoiceDownload" name="test_invoice_download_success" time="0.269" /><testcase classname="backend.tests.test_e2e_payment_flow.TestBookingStatusTransitions" name="test_booking_status_values" time="0.136" /><testcase classname="backend.tests.test_e2e_payment_flow.TestBookingStatusTransitions" name="test_admin_update_booking_status" time="0.614" /><testcase classname="backend.tests.test_e2e_payment_flow.TestAdminStats" name="test_admin_stats" time="0.108" /></testsuite></testsuites>